{"C:\\Users\\kkver\\OneDrive\\Desktop\\Namaste-React\\Episode-13\\src\\components\\Contacts.js": {"path":"C:\\Users\\kkver\\OneDrive\\Desktop\\Namaste-React\\Episode-13\\src\\components\\Contacts.js","statementMap":{"0":{"start":{"line":1,"column":16},"end":{"line":54,"column":1}},"1":{"start":{"line":2,"column":2},"end":{"line":53,"column":4}}},"fnMap":{"0":{"name":"(anonymous_0)","decl":{"start":{"line":1,"column":16},"end":{"line":1,"column":17}},"loc":{"start":{"line":1,"column":22},"end":{"line":54,"column":1}},"line":1}},"branchMap":{},"s":{"0":1,"1":5},"f":{"0":5},"b":{},"_coverageSchema":"1a1c01bbd47fc00a2c39e90264f33305004495a9","hash":"7e74731551443fb8d73e143efa57f3d3dc512ac2"}
,"C:\\Users\\kkver\\OneDrive\\Desktop\\Namaste-React\\Episode-13\\src\\components\\sum.js": {"path":"C:\\Users\\kkver\\OneDrive\\Desktop\\Namaste-React\\Episode-13\\src\\components\\sum.js","statementMap":{"0":{"start":{"line":1,"column":19},"end":{"line":3,"column":1}},"1":{"start":{"line":2,"column":4},"end":{"line":2,"column":17}}},"fnMap":{"0":{"name":"(anonymous_0)","decl":{"start":{"line":1,"column":19},"end":{"line":1,"column":20}},"loc":{"start":{"line":1,"column":29},"end":{"line":3,"column":1}},"line":1}},"branchMap":{},"s":{"0":1,"1":1},"f":{"0":1},"b":{},"_coverageSchema":"1a1c01bbd47fc00a2c39e90264f33305004495a9","hash":"9e1c83e968637047b68e69aac2446f3185f96259"}
}
